<?xml version="1.0" encoding="UTF-8"?>
<testsuite name="com.projects.designpatterns.DesignpatternsApplicationTests" tests="1" skipped="0" failures="0" errors="0" timestamp="2021-09-18T02:16:04" hostname="Giritharans-MacBook-Pro.local" time="0.139">
  <properties/>
  <testcase name="contextLoads()" classname="com.projects.designpatterns.DesignpatternsApplicationTests" time="0.139"/>
  <system-out><![CDATA[21:16:03.344 [Test worker] DEBUG org.springframework.test.context.BootstrapUtils - Instantiating CacheAwareContextLoaderDelegate from class [org.springframework.test.context.cache.DefaultCacheAwareContextLoaderDelegate]
21:16:03.349 [Test worker] DEBUG org.springframework.test.context.BootstrapUtils - Instantiating BootstrapContext using constructor [public org.springframework.test.context.support.DefaultBootstrapContext(java.lang.Class,org.springframework.test.context.CacheAwareContextLoaderDelegate)]
21:16:03.363 [Test worker] DEBUG org.springframework.test.context.BootstrapUtils - Instantiating TestContextBootstrapper for test class [com.projects.designpatterns.DesignpatternsApplicationTests] from class [org.springframework.boot.test.context.SpringBootTestContextBootstrapper]
21:16:03.367 [Test worker] INFO org.springframework.boot.test.context.SpringBootTestContextBootstrapper - Neither @ContextConfiguration nor @ContextHierarchy found for test class [com.projects.designpatterns.DesignpatternsApplicationTests], using SpringBootContextLoader
21:16:03.368 [Test worker] DEBUG org.springframework.test.context.support.AbstractContextLoader - Did not detect default resource location for test class [com.projects.designpatterns.DesignpatternsApplicationTests]: class path resource [com/projects/designpatterns/DesignpatternsApplicationTests-context.xml] does not exist
21:16:03.369 [Test worker] DEBUG org.springframework.test.context.support.AbstractContextLoader - Did not detect default resource location for test class [com.projects.designpatterns.DesignpatternsApplicationTests]: class path resource [com/projects/designpatterns/DesignpatternsApplicationTestsContext.groovy] does not exist
21:16:03.369 [Test worker] INFO org.springframework.test.context.support.AbstractContextLoader - Could not detect default resource locations for test class [com.projects.designpatterns.DesignpatternsApplicationTests]: no resource found for suffixes {-context.xml, Context.groovy}.
21:16:03.369 [Test worker] INFO org.springframework.test.context.support.AnnotationConfigContextLoaderUtils - Could not detect default configuration classes for test class [com.projects.designpatterns.DesignpatternsApplicationTests]: DesignpatternsApplicationTests does not declare any static, non-private, non-final, nested classes annotated with @Configuration.
21:16:03.384 [Test worker] DEBUG org.springframework.test.context.support.ActiveProfilesUtils - Could not find an 'annotation declaring class' for annotation type [org.springframework.test.context.ActiveProfiles] and class [com.projects.designpatterns.DesignpatternsApplicationTests]
21:16:03.412 [Test worker] DEBUG org.springframework.context.annotation.ClassPathScanningCandidateComponentProvider - Identified candidate component class: file [/Users/giri/Documents/Giri/Projects/designpatterns/build/classes/java/main/com/projects/designpatterns/DesignpatternsApplication.class]
21:16:03.413 [Test worker] INFO org.springframework.boot.test.context.SpringBootTestContextBootstrapper - Found @SpringBootConfiguration com.projects.designpatterns.DesignpatternsApplication for test class com.projects.designpatterns.DesignpatternsApplicationTests
21:16:03.453 [Test worker] DEBUG org.springframework.boot.test.context.SpringBootTestContextBootstrapper - @TestExecutionListeners is not present for class [com.projects.designpatterns.DesignpatternsApplicationTests]: using defaults.
21:16:03.454 [Test worker] INFO org.springframework.boot.test.context.SpringBootTestContextBootstrapper - Loaded default TestExecutionListener class names from location [META-INF/spring.factories]: [org.springframework.boot.test.autoconfigure.restdocs.RestDocsTestExecutionListener, org.springframework.boot.test.autoconfigure.web.client.MockRestServiceServerResetTestExecutionListener, org.springframework.boot.test.autoconfigure.web.servlet.MockMvcPrintOnlyOnFailureTestExecutionListener, org.springframework.boot.test.autoconfigure.web.servlet.WebDriverTestExecutionListener, org.springframework.boot.test.autoconfigure.webservices.client.MockWebServiceServerTestExecutionListener, org.springframework.boot.test.mock.mockito.MockitoTestExecutionListener, org.springframework.boot.test.mock.mockito.ResetMocksTestExecutionListener, org.springframework.test.context.web.ServletTestExecutionListener, org.springframework.test.context.support.DirtiesContextBeforeModesTestExecutionListener, org.springframework.test.context.event.ApplicationEventsTestExecutionListener, org.springframework.test.context.support.DependencyInjectionTestExecutionListener, org.springframework.test.context.support.DirtiesContextTestExecutionListener, org.springframework.test.context.transaction.TransactionalTestExecutionListener, org.springframework.test.context.jdbc.SqlScriptsTestExecutionListener, org.springframework.test.context.event.EventPublishingTestExecutionListener]
21:16:03.458 [Test worker] DEBUG org.springframework.boot.test.context.SpringBootTestContextBootstrapper - Skipping candidate TestExecutionListener [org.springframework.test.context.transaction.TransactionalTestExecutionListener] due to a missing dependency. Specify custom listener classes or make the default listener classes and their required dependencies available. Offending class: [org/springframework/transaction/TransactionDefinition]
21:16:03.459 [Test worker] DEBUG org.springframework.boot.test.context.SpringBootTestContextBootstrapper - Skipping candidate TestExecutionListener [org.springframework.test.context.jdbc.SqlScriptsTestExecutionListener] due to a missing dependency. Specify custom listener classes or make the default listener classes and their required dependencies available. Offending class: [org/springframework/transaction/interceptor/TransactionAttribute]
21:16:03.459 [Test worker] INFO org.springframework.boot.test.context.SpringBootTestContextBootstrapper - Using TestExecutionListeners: [org.springframework.test.context.web.ServletTestExecutionListener@2e185cd7, org.springframework.test.context.support.DirtiesContextBeforeModesTestExecutionListener@7e1a1da6, org.springframework.test.context.event.ApplicationEventsTestExecutionListener@5f7f2382, org.springframework.boot.test.mock.mockito.MockitoTestExecutionListener@407cf41, org.springframework.boot.test.autoconfigure.SpringBootDependencyInjectionTestExecutionListener@6815c5f2, org.springframework.test.context.support.DirtiesContextTestExecutionListener@46cc127b, org.springframework.test.context.event.EventPublishingTestExecutionListener@60094a13, org.springframework.boot.test.autoconfigure.restdocs.RestDocsTestExecutionListener@5aceec94, org.springframework.boot.test.autoconfigure.web.client.MockRestServiceServerResetTestExecutionListener@1c32886a, org.springframework.boot.test.autoconfigure.web.servlet.MockMvcPrintOnlyOnFailureTestExecutionListener@3a4b0e5d, org.springframework.boot.test.autoconfigure.web.servlet.WebDriverTestExecutionListener@10b892d5, org.springframework.boot.test.autoconfigure.webservices.client.MockWebServiceServerTestExecutionListener@3d3f761a, org.springframework.boot.test.mock.mockito.ResetMocksTestExecutionListener@3546d80f]
21:16:03.460 [Test worker] DEBUG org.springframework.test.context.support.AbstractDirtiesContextTestExecutionListener - Before test class: context [DefaultTestContext@27cf3151 testClass = DesignpatternsApplicationTests, testInstance = [null], testMethod = [null], testException = [null], mergedContextConfiguration = [WebMergedContextConfiguration@127e70c5 testClass = DesignpatternsApplicationTests, locations = '{}', classes = '{class com.projects.designpatterns.DesignpatternsApplication}', contextInitializerClasses = '[]', activeProfiles = '{}', propertySourceLocations = '{}', propertySourceProperties = '{org.springframework.boot.test.context.SpringBootTestContextBootstrapper=true}', contextCustomizers = set[org.springframework.boot.test.autoconfigure.actuate.metrics.MetricsExportContextCustomizerFactory$DisableMetricExportContextCustomizer@35e5d0e5, org.springframework.boot.test.autoconfigure.properties.PropertyMappingContextCustomizer@0, org.springframework.boot.test.autoconfigure.web.servlet.WebDriverContextCustomizerFactory$Customizer@58fb7731, org.springframework.boot.test.context.filter.ExcludeFilterContextCustomizer@dfddc9a, org.springframework.boot.test.json.DuplicateJsonObjectContextCustomizerFactory$DuplicateJsonObjectContextCustomizer@aafcffa, org.springframework.boot.test.mock.mockito.MockitoContextCustomizer@0, org.springframework.boot.test.web.client.TestRestTemplateContextCustomizer@2e9fda69, org.springframework.boot.test.context.SpringBootTestArgs@1, org.springframework.boot.test.context.SpringBootTestWebEnvironment@7d3e8655], resourceBasePath = 'src/main/webapp', contextLoader = 'org.springframework.boot.test.context.SpringBootContextLoader', parent = [null]], attributes = map['org.springframework.test.context.web.ServletTestExecutionListener.activateListener' -> true]], class annotated with @DirtiesContext [false] with mode [null].
21:16:03.473 [Test worker] DEBUG org.springframework.test.context.support.TestPropertySourceUtils - Adding inlined properties to environment: {spring.jmx.enabled=false, org.springframework.boot.test.context.SpringBootTestContextBootstrapper=true}

  .   ____          _            __ _ _
 /\\ / ___'_ __ _ _(_)_ __  __ _ \ \ \ \
( ( )\___ | '_ | '_| | '_ \/ _` | \ \ \ \
 \\/  ___)| |_)| | | | | || (_| |  ) ) ) )
  '  |____| .__|_| |_|_| |_\__, | / / / /
 =========|_|==============|___/=/_/_/_/
 :: Spring Boot ::                (v2.5.4)

2021-09-17 21:16:03.759  INFO 7481 --- [    Test worker] c.p.d.DesignpatternsApplicationTests     : Starting DesignpatternsApplicationTests using Java 11.0.12 on Giritharans-MacBook-Pro.local with PID 7481 (started by giri in /Users/giri/Documents/Giri/Projects/designpatterns)
2021-09-17 21:16:03.760  INFO 7481 --- [    Test worker] c.p.d.DesignpatternsApplicationTests     : No active profile set, falling back to default profiles: default
2021-09-17 21:16:04.367  INFO 7481 --- [    Test worker] c.p.d.DesignpatternsApplicationTests     : Started DesignpatternsApplicationTests in 0.888 seconds (JVM running for 1.371)
]]></system-out>
  <system-err><![CDATA[]]></system-err>
</testsuite>
